0 info it worked if it ends with ok
1 verbose cli [ 'C:\\Program Files\\nodejs\\node.exe',
1 verbose cli   'C:\\Program Files\\nodejs\\node_modules\\npm\\bin\\npm-cli.js',
1 verbose cli   'start' ]
2 info using npm@3.10.9
3 info using node@v7.2.0
4 verbose run-script [ 'prestart', 'start', 'poststart' ]
5 info lifecycle mo_server@1.0.0~prestart: mo_server@1.0.0
6 silly lifecycle mo_server@1.0.0~prestart: no script for prestart, continuing
7 info lifecycle mo_server@1.0.0~start: mo_server@1.0.0
8 verbose lifecycle mo_server@1.0.0~start: unsafe-perm in lifecycle true
9 verbose lifecycle mo_server@1.0.0~start: PATH: C:\Program Files\nodejs\node_modules\npm\bin\node-gyp-bin;D:\00.Dev\SVN_LOTTE\lottedesign2010\branches\mobile_renewal\MO_SERVER\node_modules\.bin;C:\ProgramData\Oracle\Java\javapath;C:\Program Files (x86)\Intel\iCLS Client\;C:\Program Files\Intel\iCLS Client\;C:\Windows\system32;C:\Windows;C:\Windows\System32\Wbem;C:\Windows\System32\WindowsPowerShell\v1.0\;C:\Program Files\Intel\Intel(R) Management Engine Components\DAL;C:\Program Files\Intel\Intel(R) Management Engine Components\IPT;C:\Program Files (x86)\Intel\Intel(R) Management Engine Components\DAL;C:\Program Files (x86)\Intel\Intel(R) Management Engine Components\IPT;C:\Program Files (x86)\Intel\OpenCL SDK\3.0\bin\x86;C:\Program Files (x86)\Intel\OpenCL SDK\3.0\bin\x64;C:\Program Files\TortoiseSVN\bin;D:\[Dev]\APM_Setup\Server\Apache\bin;D:\[Dev]\APM_Setup\Server\MySQL5\bin;D:\[Dev]\APM_Setup\Server\PHP5;C:\Program Files\nodejs\;C:\Program Files\MongoDB\Server\3.2\bin;C:\Program Files\Git\cmd;C:\APM_Setup\Server\Apache\bin;C:\APM_Setup\Server\MySQL5\bin;C:\APM_Setup\Server\PHP5;;C:\Program Files (x86)\Microsoft VS Code\bin;C:\Users\Administrator\AppData\Roaming\npm
10 verbose lifecycle mo_server@1.0.0~start: CWD: D:\00.Dev\SVN_LOTTE\lottedesign2010\branches\mobile_renewal\MO_SERVER
11 silly lifecycle mo_server@1.0.0~start: Args: [ '/d /s /c', 'node lotteServer' ]
12 silly lifecycle mo_server@1.0.0~start: Returned: code: 3221225786  signal: null
13 info lifecycle mo_server@1.0.0~start: Failed to exec start script
14 verbose stack Error: mo_server@1.0.0 start: `node lotteServer`
14 verbose stack Exit status 3221225786
14 verbose stack     at EventEmitter.<anonymous> (C:\Program Files\nodejs\node_modules\npm\lib\utils\lifecycle.js:255:16)
14 verbose stack     at emitTwo (events.js:106:13)
14 verbose stack     at EventEmitter.emit (events.js:191:7)
14 verbose stack     at ChildProcess.<anonymous> (C:\Program Files\nodejs\node_modules\npm\lib\utils\spawn.js:40:14)
14 verbose stack     at emitTwo (events.js:106:13)
14 verbose stack     at ChildProcess.emit (events.js:191:7)
14 verbose stack     at maybeClose (internal/child_process.js:885:16)
14 verbose stack     at Process.ChildProcess._handle.onexit (internal/child_process.js:226:5)
15 verbose pkgid mo_server@1.0.0
16 verbose cwd D:\00.Dev\SVN_LOTTE\lottedesign2010\branches\mobile_renewal\MO_SERVER
17 error Windows_NT 6.1.7601
18 error argv "C:\\Program Files\\nodejs\\node.exe" "C:\\Program Files\\nodejs\\node_modules\\npm\\bin\\npm-cli.js" "start"
19 error node v7.2.0
20 error npm  v3.10.9
21 error code ELIFECYCLE
22 error mo_server@1.0.0 start: `node lotteServer`
22 error Exit status 3221225786
23 error Failed at the mo_server@1.0.0 start script 'node lotteServer'.
23 error Make sure you have the latest version of node.js and npm installed.
23 error If you do, this is most likely a problem with the mo_server package,
23 error not with npm itself.
23 error Tell the author that this fails on your system:
23 error     node lotteServer
23 error You can get information on how to open an issue for this project with:
23 error     npm bugs mo_server
23 error Or if that isn't available, you can get their info via:
23 error     npm owner ls mo_server
23 error There is likely additional logging output above.
24 verbose exit [ 1, true ]
